#
# There is insufficient memory for the Java Runtime Environment to continue.
# Native memory allocation (mmap) failed to map 264241152 bytes for G1 virtual space
# Possible reasons:
#   The system is out of physical RAM or swap space
#   The process is running with CompressedOops enabled, and the Java Heap may be blocking the growth of the native heap
# Possible solutions:
#   Reduce memory load on the system
#   Increase physical memory or swap space
#   Check if swap backing store is full
#   Decrease Java heap size (-Xmx/-Xms)
#   Decrease number of Java threads
#   Decrease Java thread stack sizes (-Xss)
#   Set larger code cache with -XX:ReservedCodeCacheSize=
#   JVM is running with Zero Based Compressed Oops mode in which the Java heap is
#     placed in the first 32GB address space. The Java Heap base address is the
#     maximum limit for the native heap growth. Please use -XX:HeapBaseMinAddress
#     to set the Java Heap base and to place the Java Heap above 32GB virtual address.
# This output file may be truncated or incomplete.
#
#  Out of Memory Error (os_windows.cpp:3541), pid=40712, tid=46152
#
# JRE version:  (17.0.5+9) (build )
# Java VM: Java HotSpot(TM) 64-Bit Server VM (17.0.5+9-LTS-191, mixed mode, sharing, tiered, compressed oops, compressed class ptrs, g1 gc, windows-amd64)
# No core dump will be written. Minidumps are not enabled by default on client versions of Windows
#

---------------  S U M M A R Y ------------

Command Line: -Dnet.bytebuddy.agent.attacher.dump= net.bytebuddy.agent.Attacher com.sun.tools.attach.VirtualMachine 40312 C:\Users\USER\.gradle\caches\modules-2\files-2.1\net.bytebuddy\byte-buddy-agent\1.14.19\154da3a65b4f4a909d3e5bdec55d1b2b4cbb6ce1\byte-buddy-agent-1.14.19.jar false 

Host: 11th Gen Intel(R) Core(TM) i5-1135G7 @ 2.40GHz, 8 cores, 15G,  Windows 11 , 64 bit Build 22621 (10.0.22621.3958)
Time: Fri Aug 30 22:50:21 2024  Windows 11 , 64 bit Build 22621 (10.0.22621.3958) elapsed time: 0.015730 seconds (0d 0h 0m 0s)

---------------  T H R E A D  ---------------

Current thread (0x000002732d4c2660):  JavaThread "Unknown thread" [_thread_in_vm, id=46152, stack(0x000000fe0e200000,0x000000fe0e300000)]

Stack: [0x000000fe0e200000,0x000000fe0e300000]
Native frames: (J=compiled Java code, j=interpreted, Vv=VM code, C=native code)
V  [jvm.dll+0x672eea]
V  [jvm.dll+0x7d2a04]
V  [jvm.dll+0x7d41ae]
V  [jvm.dll+0x7d4813]
V  [jvm.dll+0x242c15]
V  [jvm.dll+0x66fe09]
V  [jvm.dll+0x664682]
V  [jvm.dll+0x300e8b]
V  [jvm.dll+0x308426]
V  [jvm.dll+0x357ffe]
V  [jvm.dll+0x35822f]
V  [jvm.dll+0x2d80a8]
V  [jvm.dll+0x2d9014]
V  [jvm.dll+0x7a44e1]
V  [jvm.dll+0x365df1]
V  [jvm.dll+0x7838fc]
V  [jvm.dll+0x3e873f]
V  [jvm.dll+0x3ea1e1]
C  [jli.dll+0x527b]
C  [ucrtbase.dll+0x29333]
C  [KERNEL32.DLL+0x1257d]
C  [ntdll.dll+0x5af28]


---------------  P R O C E S S  ---------------

Threads class SMR info:
_java_thread_list=0x00007fff504da8d8, length=0, elements={
}

Java Threads: ( => current thread )

Other Threads:
  0x000002732d52c940 GCTaskThread "GC Thread#0" [stack: 0x000000fe0e300000,0x000000fe0e400000] [id=18328]
  0x000002732d53d380 ConcurrentGCThread "G1 Main Marker" [stack: 0x000000fe0e400000,0x000000fe0e500000] [id=25028]
  0x000002732d53f940 ConcurrentGCThread "G1 Conc#0" [stack: 0x000000fe0e500000,0x000000fe0e600000] [id=32552]

[error occurred during error reporting (printing all threads), id 0xc0000005, EXCEPTION_ACCESS_VIOLATION (0xc0000005) at pc=0x00007fff4fd28a97]

VM state: not at safepoint (not fully initialized)

VM Mutex/Monitor currently owned by a thread:  ([mutex/lock_event])
[0x000002732d4bdab0] Heap_lock - owner thread: 0x000002732d4c2660

Heap address: 0x0000000705000000, size: 4016 MB, Compressed Oops mode: Zero based, Oop shift amount: 3

CDS archive(s) mapped at: [0x0000000000000000-0x0000000000000000-0x0000000000000000), size 0, SharedBaseAddress: 0x0000000800000000, ArchiveRelocationMode: 0.
Narrow klass base: 0x0000000000000000, Narrow klass shift: 0, Narrow klass range: 0x0

GC Precious Log:
<Empty>

Heap:
 garbage-first heap   total 0K, used 0K [0x0000000705000000, 0x0000000800000000)
  region size 2048K, 0 young (0K), 0 survivors (0K)

[error occurred during error reporting (printing heap information), id 0xc0000005, EXCEPTION_ACCESS_VIOLATION (0xc0000005) at pc=0x00007fff5010c399]

GC Heap History (0 events):
No events

Deoptimization events (0 events):
No events

Classes unloaded (0 events):
No events

Classes redefined (0 events):
No events

Internal exceptions (0 events):
No events

VM Operations (0 events):
No events

Events (1 events):
Event: 0.010 Loaded shared library C:\Program Files\Java\jdk-17.0.5\bin\java.dll


Dynamic libraries:
0x00007ff7341f0000 - 0x00007ff734200000 	C:\Program Files\Java\jdk-17.0.5\bin\java.exe
0x00007fffa0490000 - 0x00007fffa06a7000 	C:\WINDOWS\SYSTEM32\ntdll.dll
0x00007fff9ef40000 - 0x00007fff9f004000 	C:\WINDOWS\System32\KERNEL32.DLL
0x00007fff9d7b0000 - 0x00007fff9db5d000 	C:\WINDOWS\System32\KERNELBASE.dll
0x00007fff9dd70000 - 0x00007fff9de81000 	C:\WINDOWS\System32\ucrtbase.dll
0x00007fff87b50000 - 0x00007fff87b6a000 	C:\Program Files\Java\jdk-17.0.5\bin\VCRUNTIME140.dll
0x00007fff8ed30000 - 0x00007fff8ed48000 	C:\Program Files\Java\jdk-17.0.5\bin\jli.dll
0x00007fff9ee80000 - 0x00007fff9ef32000 	C:\WINDOWS\System32\ADVAPI32.dll
0x00007fff9fce0000 - 0x00007fff9fd87000 	C:\WINDOWS\System32\msvcrt.dll
0x00007fffa0080000 - 0x00007fffa0129000 	C:\WINDOWS\System32\sechost.dll
0x00007fff9e120000 - 0x00007fff9e148000 	C:\WINDOWS\System32\bcrypt.dll
0x00007fffa0330000 - 0x00007fffa0444000 	C:\WINDOWS\System32\RPCRT4.dll
0x00007fff9fb30000 - 0x00007fff9fcde000 	C:\WINDOWS\System32\USER32.dll
0x00007fff9dca0000 - 0x00007fff9dcc6000 	C:\WINDOWS\System32\win32u.dll
0x00007fff9edc0000 - 0x00007fff9ede9000 	C:\WINDOWS\System32\GDI32.dll
0x00007fff9e000000 - 0x00007fff9e119000 	C:\WINDOWS\System32\gdi32full.dll
0x00007fff85f60000 - 0x00007fff861f3000 	C:\WINDOWS\WinSxS\amd64_microsoft.windows.common-controls_6595b64144ccf1df_6.0.22621.3672_none_2713b9d173822955\COMCTL32.dll
0x00007fff9dcd0000 - 0x00007fff9dd6a000 	C:\WINDOWS\System32\msvcp_win.dll
0x00007fff95080000 - 0x00007fff9508a000 	C:\WINDOWS\SYSTEM32\VERSION.dll
0x00007fff9eac0000 - 0x00007fff9eaf1000 	C:\WINDOWS\System32\IMM32.DLL
0x00007fff8f530000 - 0x00007fff8f53c000 	C:\Program Files\Java\jdk-17.0.5\bin\vcruntime140_1.dll
0x00007fff81a20000 - 0x00007fff81aad000 	C:\Program Files\Java\jdk-17.0.5\bin\msvcp140.dll
0x00007fff4fa40000 - 0x00007fff50602000 	C:\Program Files\Java\jdk-17.0.5\bin\server\jvm.dll
0x00007fff9fdb0000 - 0x00007fff9fdb8000 	C:\WINDOWS\System32\PSAPI.DLL
0x00007fff956e0000 - 0x00007fff95714000 	C:\WINDOWS\SYSTEM32\WINMM.dll
0x00007fff7f600000 - 0x00007fff7f609000 	C:\WINDOWS\SYSTEM32\WSOCK32.dll
0x00007fff9e1d0000 - 0x00007fff9e241000 	C:\WINDOWS\System32\WS2_32.dll
0x00007fff9c7a0000 - 0x00007fff9c7b8000 	C:\WINDOWS\SYSTEM32\kernel.appcore.dll
0x00007fff8ed20000 - 0x00007fff8ed2a000 	C:\Program Files\Java\jdk-17.0.5\bin\jimage.dll
0x00007fff9b040000 - 0x00007fff9b272000 	C:\WINDOWS\SYSTEM32\DBGHELP.DLL
0x00007fff9f7a0000 - 0x00007fff9fb2d000 	C:\WINDOWS\System32\combase.dll
0x00007fffa0130000 - 0x00007fffa0207000 	C:\WINDOWS\System32\OLEAUT32.dll
0x00007fff7b710000 - 0x00007fff7b742000 	C:\WINDOWS\SYSTEM32\dbgcore.DLL
0x00007fff9db60000 - 0x00007fff9dbdb000 	C:\WINDOWS\System32\bcryptPrimitives.dll
0x00007fff84860000 - 0x00007fff84885000 	C:\Program Files\Java\jdk-17.0.5\bin\java.dll

dbghelp: loaded successfully - version: 4.0.5 - missing functions: none
symbol engine: initialized successfully - sym options: 0x614 - pdb path: .;C:\Program Files\Java\jdk-17.0.5\bin;C:\WINDOWS\SYSTEM32;C:\WINDOWS\WinSxS\amd64_microsoft.windows.common-controls_6595b64144ccf1df_6.0.22621.3672_none_2713b9d173822955;C:\Program Files\Java\jdk-17.0.5\bin\server

VM Arguments:
jvm_args: -Dnet.bytebuddy.agent.attacher.dump= 
java_command: net.bytebuddy.agent.Attacher com.sun.tools.attach.VirtualMachine 40312 C:\Users\USER\.gradle\caches\modules-2\files-2.1\net.bytebuddy\byte-buddy-agent\1.14.19\154da3a65b4f4a909d3e5bdec55d1b2b4cbb6ce1\byte-buddy-agent-1.14.19.jar false 
java_class_path (initial): C:\Users\USER\.gradle\caches\modules-2\files-2.1\net.bytebuddy\byte-buddy-agent\1.14.19\154da3a65b4f4a909d3e5bdec55d1b2b4cbb6ce1\byte-buddy-agent-1.14.19.jar
Launcher Type: SUN_STANDARD

[Global flags]
     intx CICompilerCount                          = 4                                         {product} {ergonomic}
     uint ConcGCThreads                            = 2                                         {product} {ergonomic}
     uint G1ConcRefinementThreads                  = 8                                         {product} {ergonomic}
   size_t G1HeapRegionSize                         = 2097152                                   {product} {ergonomic}
    uintx GCDrainStackTargetSize                   = 64                                        {product} {ergonomic}
   size_t InitialHeapSize                          = 264241152                                 {product} {ergonomic}
   size_t MarkStackSize                            = 4194304                                   {product} {ergonomic}
   size_t MaxHeapSize                              = 4211081216                                {product} {ergonomic}
   size_t MinHeapDeltaBytes                        = 2097152                                   {product} {ergonomic}
   size_t MinHeapSize                              = 8388608                                   {product} {ergonomic}
    uintx NonNMethodCodeHeapSize                   = 5839372                                {pd product} {ergonomic}
    uintx NonProfiledCodeHeapSize                  = 122909434                              {pd product} {ergonomic}
    uintx ProfiledCodeHeapSize                     = 122909434                              {pd product} {ergonomic}
    uintx ReservedCodeCacheSize                    = 251658240                              {pd product} {ergonomic}
     bool SegmentedCodeCache                       = true                                      {product} {ergonomic}
   size_t SoftMaxHeapSize                          = 4211081216                             {manageable} {ergonomic}
     bool UseCompressedClassPointers               = true                           {product lp64_product} {ergonomic}
     bool UseCompressedOops                        = true                           {product lp64_product} {ergonomic}
     bool UseG1GC                                  = true                                      {product} {ergonomic}
     bool UseLargePagesIndividualAllocation        = false                                  {pd product} {ergonomic}

Logging:
Log output configuration:
 #0: stdout all=warning uptime,level,tags
 #1: stderr all=off uptime,level,tags

Environment Variables:
JAVA_HOME=C:\Program Files\Java\jdk-11
CLASSPATH=C:\Program Files\Java\jdk-11lib;C:\app\USER\product\21c\dbhomeXE\jdbc\lib\ojdbc8.jar.;
PATH=C:\Program Files (x86)\NAT Service;C:\Program Files (x86)\Microsoft SDKs\Azure\CLI2\wbin;C:\app\USER\product\21c\dbhomeXE\bin;C:\Python310\Scripts\;C:\Python310\;C:\WINDOWS\system32;C:\WINDOWS;C:\WINDOWS\System32\Wbem;C:\WINDOWS\System32\WindowsPowerShell\v1.0\;C:\WINDOWS\System32\OpenSSH\;C:\Program Files\Microsoft SQL Server\Client SDK\ODBC\170\Tools\Binn\;C:\Program Files (x86)\Microsoft SQL Server\150\Tools\Binn\;C:\Program Files\Microsoft SQL Server\150\Tools\Binn\;C:\Program Files\Microsoft SQL Server\150\DTS\Binn\;C:\Program Files\dotnet\;C:\Program Files\Microsoft SQL Server\120\Tools\Binn\;C:\Kubectl;C:\Program Files\nodejs\;C:\ProgramData\chocolatey\bin;C:\Program Files\Java\jdk-11\bin;C:\Program Files\Docker\Docker\resources\bin;C:\Terraform;C:\WINDOWS\System32\OpenSSH;C:\Program Files\Git\cmd;C:\Program Files\Bandizip\;C:\Users\USER\scoop\shims;C:\Program Files\MySQL\MySQL Shell 8.0\bin\;C:\Users\USER\AppData\Local\Microsoft\WindowsApps;C:\Users\USER\AppData\Local\atom\bin;C:\Program Files\JetBrains\IntelliJ IDEA Community Edition 2021.2.1\bin;C:\Users\USER\AppData\Local\Programs\Microsoft VS Code\bin;C:\Program Files\JetBrains\PyCharm Community Edition 2021.2.2\bin;C:\Users\USER\.dotnet\tools;C:\Users\USER\AppData\Roaming\npm;C:\Program Files\JetBrains\IntelliJ IDEA Community Edition 2023.3.3\bin;;C:\Program Files\JetBrains\IntelliJ IDEA 2022.2.3\bin;;C:\Users\USER\AppData\Local\Microsoft\WindowsApps;C:\Users\USER\AppData\Local\GitHubDesktop\bin;;C:\Users\USER\AppData\Local\afreeca
USERNAME=USER
OS=Windows_NT
PROCESSOR_IDENTIFIER=Intel64 Family 6 Model 140 Stepping 1, GenuineIntel



---------------  S Y S T E M  ---------------

OS:
 Windows 11 , 64 bit Build 22621 (10.0.22621.3958)
OS uptime: 3 days 4:25 hours
Hyper-V role detected

CPU: total 8 (initial active 8) (4 cores per cpu, 2 threads per core) family 6 model 140 stepping 1 microcode 0xb4, cx8, cmov, fxsr, ht, mmx, 3dnowpref, sse, sse2, sse3, ssse3, sse4.1, sse4.2, popcnt, lzcnt, tsc, tscinvbit, avx, avx2, aes, erms, clmul, bmi1, bmi2, adx, avx512f, avx512dq, avx512cd, avx512bw, avx512vl, sha, fma, vzeroupper, avx512_vpopcntdq, avx512_vpclmulqdq, avx512_vaes, avx512_vnni, clflush, clflushopt, clwb, avx512_vbmi2, avx512_vbmi, hv

Memory: 4k page, system-wide physical 16057M (4683M free)
TotalPageFile size 18105M (AvailPageFile size 139M)
current process WorkingSet (physical memory assigned to process): 11M, peak: 11M
current process commit charge ("private bytes"): 60M, peak: 312M

vm_info: Java HotSpot(TM) 64-Bit Server VM (17.0.5+9-LTS-191) for windows-amd64 JRE (17.0.5+9-LTS-191), built on Sep 13 2022 17:31:43 by "mach5one" with MS VC++ 16.8 / 16.9 (VS2019)

END.
